c:\users\islam\onedrive\bureau\master_isl\s2\ig\ig-2025-2026\temp\debug\exemple\vc143.pdb
c:\users\islam\onedrive\bureau\master_isl\s2\ig\ig-2025-2026\temp\debug\exemple\vc143.idb
c:\users\islam\onedrive\bureau\master_isl\s2\ig\ig-2025-2026\temp\debug\exemple\chargepngfile.obj
c:\users\islam\onedrive\bureau\master_isl\s2\ig\ig-2025-2026\temp\debug\exemple\espace3uc.obj
c:\users\islam\onedrive\bureau\master_isl\s2\ig\ig-2025-2026\temp\debug\exemple\image.obj
c:\users\islam\onedrive\bureau\master_isl\s2\ig\ig-2025-2026\temp\debug\exemple\imageutils.obj
c:\users\islam\onedrive\bureau\master_isl\s2\ig\ig-2025-2026\temp\debug\exemple\pngfile.obj
c:\users\islam\onedrive\bureau\master_isl\s2\ig\ig-2025-2026\temp\debug\exemple\td-placagetexture.obj
c:\users\islam\onedrive\bureau\master_isl\s2\ig\ig-2025-2026\temp\debug\exemple\inflate.obj
c:\users\islam\onedrive\bureau\master_isl\s2\ig\ig-2025-2026\temp\debug\exemple\inftrees.obj
c:\users\islam\onedrive\bureau\master_isl\s2\ig\ig-2025-2026\temp\debug\exemple\png.obj
c:\users\islam\onedrive\bureau\master_isl\s2\ig\ig-2025-2026\temp\debug\exemple\pngerror.obj
c:\users\islam\onedrive\bureau\master_isl\s2\ig\ig-2025-2026\temp\debug\exemple\pngget.obj
c:\users\islam\onedrive\bureau\master_isl\s2\ig\ig-2025-2026\temp\debug\exemple\pngmem.obj
c:\users\islam\onedrive\bureau\master_isl\s2\ig\ig-2025-2026\temp\debug\exemple\pngpread.obj
c:\users\islam\onedrive\bureau\master_isl\s2\ig\ig-2025-2026\temp\debug\exemple\pngread.obj
c:\users\islam\onedrive\bureau\master_isl\s2\ig\ig-2025-2026\temp\debug\exemple\pngrio.obj
c:\users\islam\onedrive\bureau\master_isl\s2\ig\ig-2025-2026\temp\debug\exemple\pngrtran.obj
c:\users\islam\onedrive\bureau\master_isl\s2\ig\ig-2025-2026\temp\debug\exemple\pngrutil.obj
c:\users\islam\onedrive\bureau\master_isl\s2\ig\ig-2025-2026\temp\debug\exemple\pngset.obj
c:\users\islam\onedrive\bureau\master_isl\s2\ig\ig-2025-2026\temp\debug\exemple\pngtrans.obj
c:\users\islam\onedrive\bureau\master_isl\s2\ig\ig-2025-2026\temp\debug\exemple\pngwio.obj
c:\users\islam\onedrive\bureau\master_isl\s2\ig\ig-2025-2026\temp\debug\exemple\pngwrite.obj
c:\users\islam\onedrive\bureau\master_isl\s2\ig\ig-2025-2026\temp\debug\exemple\pngwtran.obj
c:\users\islam\onedrive\bureau\master_isl\s2\ig\ig-2025-2026\temp\debug\exemple\pngwutil.obj
c:\users\islam\onedrive\bureau\master_isl\s2\ig\ig-2025-2026\temp\debug\exemple\trees.obj
c:\users\islam\onedrive\bureau\master_isl\s2\ig\ig-2025-2026\temp\debug\exemple\uncompr.obj
c:\users\islam\onedrive\bureau\master_isl\s2\ig\ig-2025-2026\temp\debug\exemple\zutil.obj
c:\users\islam\onedrive\bureau\master_isl\s2\ig\ig-2025-2026\temp\debug\exemple\adler32.obj
c:\users\islam\onedrive\bureau\master_isl\s2\ig\ig-2025-2026\temp\debug\exemple\compress.obj
c:\users\islam\onedrive\bureau\master_isl\s2\ig\ig-2025-2026\temp\debug\exemple\crc32.obj
c:\users\islam\onedrive\bureau\master_isl\s2\ig\ig-2025-2026\temp\debug\exemple\deflate.obj
c:\users\islam\onedrive\bureau\master_isl\s2\ig\ig-2025-2026\temp\debug\exemple\gzio.obj
c:\users\islam\onedrive\bureau\master_isl\s2\ig\ig-2025-2026\temp\debug\exemple\infback.obj
c:\users\islam\onedrive\bureau\master_isl\s2\ig\ig-2025-2026\temp\debug\exemple\inffast.obj
c:\users\islam\onedrive\bureau\master_isl\s2\ig\ig-2025-2026\temp\debug\exemple\exemple.exe
c:\users\islam\onedrive\bureau\master_isl\s2\ig\ig-2025-2026\temp\debug\exemple\exemple.pdb
c:\users\islam\onedrive\bureau\master_isl\s2\ig\ig-2025-2026\temp\debug\exemple\exemple.ilk
c:\users\islam\onedrive\bureau\master_isl\s2\ig\ig-2025-2026\temp\debug\exemple\exemple.tlog\cl.command.1.tlog
c:\users\islam\onedrive\bureau\master_isl\s2\ig\ig-2025-2026\temp\debug\exemple\exemple.tlog\cl.items.tlog
c:\users\islam\onedrive\bureau\master_isl\s2\ig\ig-2025-2026\temp\debug\exemple\exemple.tlog\cl.read.1.tlog
c:\users\islam\onedrive\bureau\master_isl\s2\ig\ig-2025-2026\temp\debug\exemple\exemple.tlog\cl.write.1.tlog
c:\users\islam\onedrive\bureau\master_isl\s2\ig\ig-2025-2026\temp\debug\exemple\exemple.tlog\link.command.1.tlog
c:\users\islam\onedrive\bureau\master_isl\s2\ig\ig-2025-2026\temp\debug\exemple\exemple.tlog\link.read.1.tlog
c:\users\islam\onedrive\bureau\master_isl\s2\ig\ig-2025-2026\temp\debug\exemple\exemple.tlog\link.secondary.1.tlog
c:\users\islam\onedrive\bureau\master_isl\s2\ig\ig-2025-2026\temp\debug\exemple\exemple.tlog\link.write.1.tlog
