c:\users\islam\onedrive\bureau\master_isl\s2\ig\projetavion\projet\projetavion\x64\debug\vc143.pdb
c:\users\islam\onedrive\bureau\master_isl\s2\ig\projetavion\projet\projetavion\x64\debug\vc143.idb
c:\users\islam\onedrive\bureau\master_isl\s2\ig\projetavion\projet\projetavion\x64\debug\pos3d.obj
c:\users\islam\onedrive\bureau\master_isl\s2\ig\projetavion\projet\projetavion\x64\debug\dir3d.obj
c:\users\islam\onedrive\bureau\master_isl\s2\ig\projetavion\projet\projetavion\x64\debug\ch3d.obj
c:\users\islam\onedrive\bureau\master_isl\s2\ig\projetavion\projet\projetavion\x64\debug\main.obj
c:\users\islam\onedrive\bureau\master_isl\s2\ig\projetavion\projet\projetavion\x64\debug\textureloader.obj
c:\users\islam\onedrive\bureau\master_isl\s2\ig\projetavion\projet\projetavion\x64\debug\scene.obj
c:\users\islam\onedrive\bureau\master_isl\s2\ig\projetavion\projet\projetavion\x64\debug\camera.obj
c:\users\islam\onedrive\bureau\master_isl\s2\ig\projetavion\projet\x64\debug\projetavion.pdb
c:\users\islam\onedrive\bureau\master_isl\s2\ig\projetavion\projet\projetavion\x64\debug\projetavion.tlog\cl.command.1.tlog
c:\users\islam\onedrive\bureau\master_isl\s2\ig\projetavion\projet\projetavion\x64\debug\projetavion.tlog\cl.read.1.tlog
c:\users\islam\onedrive\bureau\master_isl\s2\ig\projetavion\projet\projetavion\x64\debug\projetavion.tlog\cl.write.1.tlog
c:\users\islam\onedrive\bureau\master_isl\s2\ig\projetavion\projet\projetavion\x64\debug\projetavion.tlog\link-cvtres.read.1.tlog
c:\users\islam\onedrive\bureau\master_isl\s2\ig\projetavion\projet\projetavion\x64\debug\projetavion.tlog\link-cvtres.write.1.tlog
c:\users\islam\onedrive\bureau\master_isl\s2\ig\projetavion\projet\projetavion\x64\debug\projetavion.tlog\link-rc.read.1.tlog
c:\users\islam\onedrive\bureau\master_isl\s2\ig\projetavion\projet\projetavion\x64\debug\projetavion.tlog\link-rc.write.1.tlog
c:\users\islam\onedrive\bureau\master_isl\s2\ig\projetavion\projet\projetavion\x64\debug\projetavion.tlog\link.command.1.tlog
c:\users\islam\onedrive\bureau\master_isl\s2\ig\projetavion\projet\projetavion\x64\debug\projetavion.tlog\link.read.1.tlog
c:\users\islam\onedrive\bureau\master_isl\s2\ig\projetavion\projet\projetavion\x64\debug\projetavion.tlog\link.read.2.tlog
c:\users\islam\onedrive\bureau\master_isl\s2\ig\projetavion\projet\projetavion\x64\debug\projetavion.tlog\link.write.1.tlog
